mode: set
cicd_api/commons/dbaccess/dbaccess.go:10.34,13.16 2 0
cicd_api/commons/dbaccess/dbaccess.go:13.16,16.3 2 0
cicd_api/commons/dbaccess/dbaccess.go:16.8,18.3 1 0
cicd_api/commons/authentication/authentication.go:20.50,22.18 1 0
cicd_api/commons/authentication/authentication.go:22.18,24.3 1 0
cicd_api/commons/authentication/authentication.go:26.2,38.18 7 0
cicd_api/commons/authentication/authentication.go:38.18,40.3 1 0
cicd_api/commons/authentication/authentication.go:42.2,42.25 1 0
cicd_api/commons/router/router.go:10.27,14.2 3 1
cicd_api/commons/router/router.go:14.2,16.3 1 1
cicd_api/commons/router/router.go:17.2,18.2 2 1
cicd_api/commons/router/router.go:18.2,20.3 1 1
cicd_api/commons/router/router.go:22.2,22.15 1 1
cicd_api/controllers/usermstController/usermstController.go:11.46,14.18 2 1
cicd_api/controllers/usermstController/usermstController.go:14.18,18.3 3 0
cicd_api/controllers/usermstController/usermstController.go:19.2,20.36 2 1
cicd_api/controllers/companymstController/companymstController.go:10.49,14.18 2 1
cicd_api/controllers/companymstController/companymstController.go:14.18,17.3 2 0
cicd_api/controllers/companymstController/companymstController.go:19.2,19.26 1 1
cicd_api/controllers/companymstController/companymstController.go:19.26,22.3 2 0
cicd_api/controllers/companymstController/companymstController.go:23.2,23.35 1 1
cicd_api/models/DAO/companymst_dao/companymstRepository.go:9.62,13.18 3 0
cicd_api/models/DAO/companymst_dao/companymstRepository.go:13.18,15.3 1 0
cicd_api/models/DAO/companymst_dao/companymstRepository.go:16.2,20.18 3 0
cicd_api/models/DAO/companymst_dao/companymstRepository.go:20.18,23.3 2 0
cicd_api/models/DAO/companymst_dao/companymstRepository.go:24.2,26.18 2 0
cicd_api/models/DAO/companymst_dao/companymstRepository.go:26.18,31.3 3 0
cicd_api/models/DAO/companymst_dao/companymstRepository.go:32.2,32.24 1 0
cicd_api/services/usermstServices/usermstServices.go:3.27,5.2 1 1
